[debug] [2025-12-15T16:37:11.438Z] ----------------------------------------------------------------------
[debug] [2025-12-15T16:37:11.441Z] Command:       C:\Program Files\nodejs\node.exe C:\Users\franc\AppData\Roaming\npm\node_modules\firebase-tools\lib\bin\firebase.js init
[debug] [2025-12-15T16:37:11.441Z] CLI Version:   15.0.0
[debug] [2025-12-15T16:37:11.441Z] Platform:      win32
[debug] [2025-12-15T16:37:11.441Z] Node Version:  v24.12.0
[debug] [2025-12-15T16:37:11.441Z] Time:          Tue Dec 16 2025 00:37:11 GMT+0800 (Singapore Standard Time)
[debug] [2025-12-15T16:37:11.441Z] ----------------------------------------------------------------------
[debug] 
[info] 
     ######## #### ########  ######## ########     ###     ######  ########
     ##        ##  ##     ## ##       ##     ##  ##   ##  ##       ##
     ######    ##  ########  ######   ########  #########  ######  ######
     ##        ##  ##    ##  ##       ##     ## ##     ##       ## ##
     ##       #### ##     ## ######## ########  ##     ##  ######  ########

You're about to initialize a Firebase project in this directory:

  C:\Users\franc\OneDrive\Desktop\website folder

Before we get started, keep in mind:

  * You are initializing within an existing Firebase project directory

[info] 
=== Project Setup
[info] 
[info] First, let's associate this project directory with a Firebase project.
[info] You can create multiple project aliases by running firebase use --add, 
[info] 
[debug] [2025-12-15T16:38:04.605Z] > command requires scopes: ["email","openid","https://www.googleapis.com/auth/cloudplatformprojects.readonly","https://www.googleapis.com/auth/firebase","https://www.googleapis.com/auth/cloud-platform"]
[debug] [2025-12-15T16:38:04.606Z] > authorizing via signed-in user (metabreemfetalino@gmail.com)
[debug] [2025-12-15T16:38:04.607Z] Checked if tokens are valid: false, expires at: 1765793266092
[debug] [2025-12-15T16:38:04.607Z] Checked if tokens are valid: false, expires at: 1765793266092
[debug] [2025-12-15T16:38:04.607Z] > refreshing access token with scopes: []
[debug] [2025-12-15T16:38:04.610Z] >>> [apiv2][query] POST https://www.googleapis.com/oauth2/v3/token [none]
[debug] [2025-12-15T16:38:04.610Z] >>> [apiv2][body] POST https://www.googleapis.com/oauth2/v3/token [omitted]
[debug] [2025-12-15T16:38:04.764Z] <<< [apiv2][status] POST https://www.googleapis.com/oauth2/v3/token 200
[debug] [2025-12-15T16:38:04.764Z] <<< [apiv2][body] POST https://www.googleapis.com/oauth2/v3/token [omitted]
[debug] [2025-12-15T16:38:04.772Z] >>> [apiv2][query] GET https://firebase.googleapis.com/v1beta1/projects pageSize=100
[debug] [2025-12-15T16:38:05.346Z] <<< [apiv2][status] GET https://firebase.googleapis.com/v1beta1/projects 200
[debug] [2025-12-15T16:38:05.347Z] <<< [apiv2][body] GET https://firebase.googleapis.com/v1beta1/projects [omitted]
[info] 
=== Hosting Setup
[debug] [2025-12-15T16:38:15.406Z] Checked if tokens are valid: true, expires at: 1765820283764
[debug] [2025-12-15T16:38:15.406Z] Checked if tokens are valid: true, expires at: 1765820283764
[debug] [2025-12-15T16:38:15.406Z] >>> [apiv2][query] GET https://firebase.googleapis.com/v1beta1/projects/personal-website-222015 [none]
[debug] [2025-12-15T16:38:15.837Z] <<< [apiv2][status] GET https://firebase.googleapis.com/v1beta1/projects/personal-website-222015 200
[debug] [2025-12-15T16:38:15.837Z] <<< [apiv2][body] GET https://firebase.googleapis.com/v1beta1/projects/personal-website-222015 {"projectId":"personal-website-222015","projectNumber":"924822954620","displayName":"personal website","name":"projects/personal-website-222015","resources":{"hostingSite":"personal-website-222015"},"state":"ACTIVE","etag":"1_64e4f545-0c84-45ac-bc6f-a7ab1465d564"}
[info] 
[info] Your public directory is the folder (relative to your project directory) that
[info] will contain Hosting assets to be uploaded with firebase deploy. If you
[info] have a build process for your assets, use your build's output directory.
[info] 
[info] 
[info] i  Didn't detect a .git folder. Assuming C:\Users\franc\OneDrive\Desktop\website folder is the project root. 
[info] i  Authorizing with GitHub to upload your service account to a GitHub repository's secrets store. 
[info] 
[info] Visit this URL on this device to log in:
[info] https://github.com/login/oauth/authorize?client_id=89cf50f02ac6aaed3484&state=120409918&redirect_uri=http%3A%2F%2Flocalhost%3A9005&scope=read%3Auser%20repo%20public_repo
[info] 
[info] Waiting for authentication...
[debug] [2025-12-15T16:40:07.801Z] >>> [apiv2][query] POST https://github.com/login/oauth/access_token [none]
[debug] [2025-12-15T16:40:07.801Z] >>> [apiv2][body] POST https://github.com/login/oauth/access_token [stream]
[debug] [2025-12-15T16:40:09.350Z] <<< [apiv2][status] POST https://github.com/login/oauth/access_token 200
[debug] [2025-12-15T16:40:09.350Z] <<< [apiv2][body] POST https://github.com/login/oauth/access_token {"access_token":"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","token_type":"bearer","scope":"read:user,repo"}
[debug] [2025-12-15T16:40:09.398Z] >>> [apiv2][query] GET https://api.github.com/user [none]
[debug] [2025-12-15T16:40:09.932Z] <<< [apiv2][status] GET https://api.github.com/user 200
[debug] [2025-12-15T16:40:09.933Z] <<< [apiv2][body] GET https://api.github.com/user {"login":"metabreemfetalino-ui","id":249689573,"node_id":"U_kgDODuH15Q","avatar_url":"https://avatars.githubusercontent.com/u/249689573?v=4","gravatar_id":"","url":"https://api.github.com/users/metabreemfetalino-ui","html_url":"https://github.com/metabreemfetalino-ui","followers_url":"https://api.github.com/users/metabreemfetalino-ui/followers","following_url":"https://api.github.com/users/metabreemfetalino-ui/following{/other_user}","gists_url":"https://api.github.com/users/metabreemfetalino-ui/gists{/gist_id}","starred_url":"https://api.github.com/users/metabreemfetalino-ui/starred{/owner}{/repo}","subscriptions_url":"https://api.github.com/users/metabreemfetalino-ui/subscriptions","organizations_url":"https://api.github.com/users/metabreemfetalino-ui/orgs","repos_url":"https://api.github.com/users/metabreemfetalino-ui/repos","events_url":"https://api.github.com/users/metabreemfetalino-ui/events{/privacy}","received_events_url":"https://api.github.com/users/metabreemfetalino-ui/received_events","type":"User","user_view_type":"private","site_admin":false,"name":null,"company":null,"blog":"","location":null,"email":null,"hireable":null,"bio":null,"twitter_username":null,"notification_email":null,"public_repos":1,"public_gists":0,"followers":0,"following":0,"created_at":"2025-12-15T06:37:46Z","updated_at":"2025-12-15T06:37:46Z","private_gists":0,"total_private_repos":0,"owned_private_repos":0,"disk_usage":1,"collaborators":0,"two_factor_authentication":false,"plan":{"name":"free","space":976562499,"collaborators":0,"private_repos":10000}}
[info] 
[info] +  Success! Logged into GitHub as metabreemfetalino-ui 
[info] 
[debug] [2025-12-15T16:40:57.630Z] >>> [apiv2][query] GET https://api.github.com/repos/./actions/secrets/public-key type=owner
[debug] [2025-12-15T16:40:58.438Z] <<< [apiv2][status] GET https://api.github.com/repos/./actions/secrets/public-key 404
[debug] [2025-12-15T16:40:58.438Z] <<< [apiv2][body] GET https://api.github.com/repos/./actions/secrets/public-key {"message":"Not Found","documentation_url":"https://docs.github.com/rest","status":"404"}
[info] 
[info] 
[error] !  The provided authorization cannot be used with this repository. If this repository is in an organization, did you remember to grant access? 
[info] 
[info] i  Action required: Visit this URL to ensure access has been granted to the appropriate organization(s) for the Firebase CLI GitHub OAuth App: 
[info] https://github.com/settings/connections/applications/89cf50f02ac6aaed3484
[info] 
[debug] [2025-12-15T16:40:58.454Z] >>> [apiv2][query] GET https://api.github.com/repos/./actions/secrets/public-key type=owner
[debug] [2025-12-15T16:40:58.810Z] <<< [apiv2][status] GET https://api.github.com/repos/./actions/secrets/public-key 404
[debug] [2025-12-15T16:40:58.810Z] <<< [apiv2][body] GET https://api.github.com/repos/./actions/secrets/public-key {"message":"Not Found","documentation_url":"https://docs.github.com/rest","status":"404"}
[info] 
[info] 
[error] !  The provided authorization cannot be used with this repository. If this repository is in an organization, did you remember to grant access? 
[info] 
[info] i  Action required: Visit this URL to ensure access has been granted to the appropriate organization(s) for the Firebase CLI GitHub OAuth App: 
[info] https://github.com/settings/connections/applications/89cf50f02ac6aaed3484
[info] 
